[www.w3schools.com/bootstrap4/bootstrap_get_started.html]
[backblue.gif]
[fade.gif]
[index.html]
[maxcdn.bootstrapcdn.com/bootstrap/4.1.3/css/bootstrap.min.css]
[ajax.googleapis.com/ajax/libs/jquery/3.3.1/jquery.min.js]
[cdnjs.cloudflare.com/ajax/libs/popper.js/1.14.3/umd/popper.min.js]
[maxcdn.bootstrapcdn.com/bootstrap/4.1.3/js/bootstrap.min.js]
[www.google-analytics.com/analytics.js]
[www.w3schools.com/w3css/4/w3.css]
[static.h-bid.com/w3schools.com/20180525/snhb-w3schools.min.js]
[www.googletagservices.com/tag/js/gpt.js]
[static.h-bid.com/gdpr/cmp.stub.js]
[www.w3schools.com/bootstrap4/w3-fix.css]
[www.w3schools.com/bootstrap4/default.html]
[www.w3schools.com/bootstrap4/bootstrap_grid_basic.html]
[www.w3schools.com/bootstrap4/bootstrap_typography.html]
[www.w3schools.com/bootstrap4/bootstrap_colors.html]
[www.w3schools.com/bootstrap4/bootstrap_tables.html]
[www.w3schools.com/bootstrap4/bootstrap_images.html]
[www.w3schools.com/bootstrap4/bootstrap_jumbotron.html]
[www.w3schools.com/bootstrap4/bootstrap_alerts.html]
[www.w3schools.com/bootstrap4/bootstrap_buttons.html]
[www.w3schools.com/bootstrap4/bootstrap_button_groups.html]
[www.w3schools.com/bootstrap4/bootstrap_badges.html]
[www.w3schools.com/bootstrap4/bootstrap_progressbars.html]
[www.w3schools.com/bootstrap4/bootstrap_pagination.html]
[www.w3schools.com/bootstrap4/bootstrap_list_groups.html]
[www.w3schools.com/bootstrap4/bootstrap_cards.html]
[www.w3schools.com/bootstrap4/bootstrap_dropdowns.html]
[www.w3schools.com/bootstrap4/bootstrap_collapse.html]
[www.w3schools.com/bootstrap4/bootstrap_navs.html]
[www.w3schools.com/bootstrap4/bootstrap_navbar.html]
[www.w3schools.com/bootstrap4/bootstrap_forms.html]
[www.w3schools.com/bootstrap4/bootstrap_forms_inputs.html]
[www.w3schools.com/bootstrap4/bootstrap_forms_input_group.html]
[www.w3schools.com/bootstrap4/bootstrap_forms_custom.html]
[www.w3schools.com/bootstrap4/bootstrap_carousel.html]
[www.w3schools.com/bootstrap4/bootstrap_modal.html]
[www.w3schools.com/bootstrap4/bootstrap_tooltip.html]
[www.w3schools.com/bootstrap4/bootstrap_popover.html]
[www.w3schools.com/bootstrap4/bootstrap_scrollspy.html]
[www.w3schools.com/bootstrap4/bootstrap_utilities.html]
[www.w3schools.com/bootstrap4/bootstrap_flex.html]
[www.w3schools.com/bootstrap4/bootstrap_media_objects.html]
[www.w3schools.com/bootstrap4/bootstrap_filters.html]
[www.w3schools.com/bootstrap4/bootstrap_grid_system.html]
[www.w3schools.com/bootstrap4/bootstrap_grid_stacked_to_horizontal.html]
[www.w3schools.com/bootstrap4/bootstrap_grid_xsmall.html]
[www.w3schools.com/bootstrap4/bootstrap_grid_small.html]
[www.w3schools.com/bootstrap4/bootstrap_grid_medium.html]
[www.w3schools.com/bootstrap4/bootstrap_grid_large.html]
[www.w3schools.com/bootstrap4/bootstrap_grid_xlarge.html]
[www.w3schools.com/bootstrap4/bootstrap_grid_examples.html]
[www.w3schools.com/bootstrap4/bootstrap_templates.html]
[www.w3schools.com/bootstrap4/bootstrap_ref_all_classes.html]
[www.w3schools.com/bootstrap4/bootstrap_ref_js_alert.html]
[www.w3schools.com/bootstrap4/bootstrap_ref_js_button.html]
[www.w3schools.com/bootstrap4/bootstrap_ref_js_carousel.html]
[www.w3schools.com/bootstrap4/bootstrap_ref_js_collapse.html]
[www.w3schools.com/bootstrap4/bootstrap_ref_js_dropdown.html]
[www.w3schools.com/bootstrap4/bootstrap_ref_js_modal.html]
[www.w3schools.com/bootstrap4/bootstrap_ref_js_popover.html]
[www.w3schools.com/bootstrap4/bootstrap_ref_js_scrollspy.html]
[www.w3schools.com/bootstrap4/bootstrap_ref_js_tab.html]
[www.w3schools.com/bootstrap4/bootstrap_ref_js_tooltip.html]
[www.w3schools.com/bootstrap4/tryitd4d9.html]
[www.w3schools.com/bootstrap4/tryitb386.html]
[www.w3schools.com/images/colorpicker.gif]
[www.w3schools.com/images/w3schoolscom_gray.gif]
[www.w3schools.com/lib/snigel_w3schools_footer.js]
[translate.google.com/translate_a/element.44a0d8.delayed]
[www.w3schools.com/bootstrap4/bootstrap_get_started.html]
[maxcdn.bootstrapcdn.com/bootstrap/4.1.3/css/bootstrap.min.css]
[www.w3schools.com/w3css/4/w3.css]
[www.w3schools.com/bootstrap4/w3-fix.css]
[maxcdn.bootstrapcdn.com/bootstrap/4.0.0-beta.2/css/bootstrap.min.css]
[ajax.googleapis.com/ajax/libs/jquery/3.2.0/jquery.min.js]
[maxcdn.bootstrapcdn.com/bootstrap/4.0.0-beta.2/js/bootstrap.min.js]
[www.w3schools.com/bootstrap4/imgdefault.jpg]
[www.w3schools.com/bootstrap4/tryit689b.html]
[www.w3schools.com/bootstrap4/trybs_template1.html]
[www.w3schools.com/bootstrap4/tryit0874.html]
[www.w3schools.com/bootstrap4/default.html]
[www.w3schools.com/lib/w3schools_footer.js]
[www.w3schools.com/bootstrap4/tryit98a6.html]
[www.w3schools.com/bootstrap4/tryitc236.html]
[www.w3schools.com/bootstrap4/bootstrap_grid_basic.html]
[www.w3schools.com/bootstrap4/tryite1a2.html]
[www.w3schools.com/bootstrap4/tryitd083.html]
[www.w3schools.com/bootstrap4/tryit7135.html]
[www.w3schools.com/bootstrap4/tryitc1d5.html]
[www.w3schools.com/bootstrap4/tryit149a.html]
[www.w3schools.com/bootstrap4/tryit1968.html]
[www.w3schools.com/bootstrap4/tryit87a3.html]
[www.w3schools.com/bootstrap4/tryit44f5.html]
[www.w3schools.com/bootstrap4/tryit41b3.html]
[www.w3schools.com/bootstrap4/tryit762f.html]
[www.w3schools.com/bootstrap4/tryit259f.html]
[www.w3schools.com/bootstrap4/tryit90d0.html]
[www.w3schools.com/bootstrap4/tryita635.html]
[www.w3schools.com/bootstrap4/tryite1ce.html]
[www.w3schools.com/bootstrap4/tryitef52.html]
[www.w3schools.com/bootstrap4/tryit6ea4.html]
[www.w3schools.com/bootstrap4/tryitdab2.html]
[www.w3schools.com/bootstrap4/tryitbb73.html]
[www.w3schools.com/bootstrap4/tryit27af.html]
[www.w3schools.com/bootstrap4/tryitc378.html]
[www.w3schools.com/bootstrap4/tryit58f6.html]
[www.w3schools.com/bootstrap4/tryitf725.html]
[www.w3schools.com/bootstrap4/tryitf321.html]
[www.w3schools.com/bootstrap4/bootstrap_typography.html]
[www.w3schools.com/bootstrap4/tryitfcfe.html]
[www.w3schools.com/bootstrap4/tryit9816.html]
[www.w3schools.com/bootstrap4/tryit8c50.html]
[www.w3schools.com/bootstrap4/tryit2134.html]
[www.w3schools.com/bootstrap4/bootstrap_colors.html]
[www.w3schools.com/bootstrap4/tryit0ced.html]
[www.w3schools.com/bootstrap4/tryit88b5.html]
[www.w3schools.com/bootstrap4/tryitf90b.html]
[www.w3schools.com/bootstrap4/tryite2ee.html]
[www.w3schools.com/bootstrap4/tryit3dfa.html]
[www.w3schools.com/bootstrap4/tryit362a.html]
[www.w3schools.com/bootstrap4/tryitf71a.html]
[www.w3schools.com/bootstrap4/tryit6955.html]
[www.w3schools.com/bootstrap4/tryit8213.html]
[www.w3schools.com/bootstrap4/tryit021d.html]
[www.w3schools.com/bootstrap4/tryit4bee.html]
[www.w3schools.com/bootstrap4/tryitcbfc.html]
[www.w3schools.com/bootstrap4/trybs_table_responsive_ifr.html]
[www.w3schools.com/bootstrap4/tryitc80f.html]
[www.w3schools.com/bootstrap4/tryita301.html]
[www.w3schools.com/bootstrap4/bootstrap_tables.html]
[www.w3schools.com/bootstrap4/paris.jpg]
[www.w3schools.com/bootstrap4/newyork.jpg]
[www.w3schools.com/bootstrap4/sanfran.jpg]
[www.w3schools.com/bootstrap4/tryit5fdf.html]
[www.w3schools.com/bootstrap4/tryit6a64.html]
[www.w3schools.com/bootstrap4/tryit8c2c.html]
[www.w3schools.com/bootstrap4/tryit99a5.html]
[www.w3schools.com/bootstrap4/tryitbc9a.html]
[www.w3schools.com/bootstrap4/tryit1f51.html]
[www.w3schools.com/bootstrap4/bootstrap_images.html]
[www.w3schools.com/bootstrap4/tryit737f.html]
[www.w3schools.com/bootstrap4/tryitc72c.html]
[www.w3schools.com/bootstrap4/bootstrap_jumbotron.html]
[www.w3schools.com/bootstrap4/tryitb1db.html]
[www.w3schools.com/bootstrap4/tryiteb88.html]
[www.w3schools.com/bootstrap4/tryit8f86.html]
[www.w3schools.com/bootstrap4/tryitee3f.html]
[www.w3schools.com/bootstrap4/bootstrap_alerts.html]
[www.w3schools.com/bootstrap4/tryit15f5.html]
[www.w3schools.com/bootstrap4/tryit68f7.html]
[www.w3schools.com/bootstrap4/tryit2f49.html]
[www.w3schools.com/bootstrap4/tryit55bb.html]
[www.w3schools.com/bootstrap4/tryit2439.html]
[www.w3schools.com/bootstrap4/tryit0b62.html]
[www.w3schools.com/bootstrap4/bootstrap_buttons.html]
[www.w3schools.com/bootstrap4/bootstrap_button_groups.html]
[www.w3schools.com/bootstrap4/bootstrap_badges.html]
[www.w3schools.com/bootstrap4/bootstrap_progressbars.html]
[www.w3schools.com/bootstrap4/bootstrap_pagination.html]
[www.w3schools.com/bootstrap4/bootstrap_list_groups.html]
[www.w3schools.com/bootstrap4/bootstrap_cards.html]
[www.w3schools.com/bootstrap4/bootstrap_dropdowns.html]
[www.w3schools.com/bootstrap4/bootstrap_collapse.html]
[www.w3schools.com/bootstrap4/bootstrap_navs.html]
[www.w3schools.com/bootstrap4/bootstrap_navbar.html]
[www.w3schools.com/bootstrap4/bootstrap_forms.html]
[www.w3schools.com/bootstrap4/bootstrap_forms_inputs.html]
[www.w3schools.com/bootstrap4/bootstrap_forms_input_group.html]
[www.w3schools.com/bootstrap4/bootstrap_forms_custom.html]
[www.w3schools.com/bootstrap4/bootstrap_carousel.html]
[www.w3schools.com/bootstrap4/bootstrap_modal.html]
[www.w3schools.com/bootstrap4/bootstrap_tooltip.html]
[www.w3schools.com/bootstrap4/bootstrap_popover.html]
[www.w3schools.com/bootstrap4/bootstrap_scrollspy.html]
[www.w3schools.com/bootstrap4/bootstrap_utilities.html]
[www.w3schools.com/bootstrap4/bootstrap_flex.html]
[www.w3schools.com/bootstrap4/bootstrap_media_objects.html]
[www.w3schools.com/bootstrap4/bootstrap_filters.html]
[www.w3schools.com/bootstrap4/bootstrap_grid_system.html]
[www.w3schools.com/bootstrap4/bootstrap_grid_stacked_to_horizontal.html]
[www.w3schools.com/bootstrap4/bootstrap_grid_xsmall.html]
[www.w3schools.com/bootstrap4/bootstrap_grid_small.html]
[www.w3schools.com/bootstrap4/bootstrap_grid_medium.html]
[www.w3schools.com/bootstrap4/bootstrap_grid_large.html]
[www.w3schools.com/bootstrap4/bootstrap_grid_xlarge.html]
[www.w3schools.com/bootstrap4/bootstrap_grid_examples.html]
[www.w3schools.com/bootstrap4/bootstrap_templates.html]
[www.w3schools.com/bootstrap4/bootstrap_ref_all_classes.html]
[www.w3schools.com/bootstrap4/bootstrap_ref_js_alert.html]
[www.w3schools.com/bootstrap4/bootstrap_ref_js_button.html]
[www.w3schools.com/bootstrap4/bootstrap_ref_js_carousel.html]
[www.w3schools.com/bootstrap4/bootstrap_ref_js_collapse.html]
[www.w3schools.com/bootstrap4/bootstrap_ref_js_dropdown.html]
[www.w3schools.com/bootstrap4/bootstrap_ref_js_modal.html]
[www.w3schools.com/bootstrap4/bootstrap_ref_js_popover.html]
[www.w3schools.com/bootstrap4/bootstrap_ref_js_scrollspy.html]
[www.w3schools.com/bootstrap4/bootstrap_ref_js_tab.html]
[www.w3schools.com/bootstrap4/bootstrap_ref_js_tooltip.html]
[www.w3schools.com/bootstrap4/tryitd4d9.html]
[www.w3schools.com/bootstrap4/tryitb386.html]
[www.w3schools.com/lib/snigel_w3schools_footer.js]
[translate.google.com/translate_a/elementa0d8.html]
[maxcdn.bootstrapcdn.com/bootstrap/4.0.0-beta.2/css/bootstrap.min.css]
[www.w3schools.com/bootstrap4/tryit689b.html]
[www.w3schools.com/bootstrap4/trybs_template1.html]
[www.w3schools.com/bootstrap4/tryit0874.html]
[www.w3schools.com/lib/w3schools_footer.js]
[www.w3schools.com/bootstrap4/tryit98a6.html]
[www.w3schools.com/bootstrap4/tryitc236.html]
[www.w3schools.com/bootstrap4/tryite1a2.html]
[www.w3schools.com/bootstrap4/tryitd083.html]
[www.w3schools.com/bootstrap4/tryit7135.html]
[www.w3schools.com/bootstrap4/tryitc1d5.html]
[www.w3schools.com/bootstrap4/tryit149a.html]
[www.w3schools.com/bootstrap4/tryit1968.html]
[www.w3schools.com/bootstrap4/tryit87a3.html]
[www.w3schools.com/bootstrap4/tryit44f5.html]
[www.w3schools.com/bootstrap4/tryit41b3.html]
[www.w3schools.com/bootstrap4/tryit762f.html]
[www.w3schools.com/bootstrap4/tryit259f.html]
[www.w3schools.com/bootstrap4/tryit90d0.html]
[www.w3schools.com/bootstrap4/tryita635.html]
[www.w3schools.com/bootstrap4/tryite1ce.html]
[www.w3schools.com/bootstrap4/tryitef52.html]
[www.w3schools.com/bootstrap4/tryit6ea4.html]
[www.w3schools.com/bootstrap4/tryitdab2.html]
[www.w3schools.com/bootstrap4/tryitbb73.html]
[www.w3schools.com/bootstrap4/tryit27af.html]
[www.w3schools.com/bootstrap4/tryitc378.html]
[www.w3schools.com/bootstrap4/tryit58f6.html]
[www.w3schools.com/bootstrap4/tryitf725.html]
[www.w3schools.com/bootstrap4/tryitf321.html]
[www.w3schools.com/bootstrap4/tryitfcfe.html]
[www.w3schools.com/bootstrap4/tryit9816.html]
[www.w3schools.com/bootstrap4/tryit8c50.html]
[www.w3schools.com/bootstrap4/tryit2134.html]
[www.w3schools.com/bootstrap4/tryit0ced.html]
[www.w3schools.com/bootstrap4/tryit88b5.html]
[www.w3schools.com/bootstrap4/tryitf90b.html]
[www.w3schools.com/bootstrap4/tryite2ee.html]
[www.w3schools.com/bootstrap4/tryit3dfa.html]
[www.w3schools.com/bootstrap4/tryit362a.html]
[www.w3schools.com/bootstrap4/tryitf71a.html]
[www.w3schools.com/bootstrap4/tryit6955.html]
[www.w3schools.com/bootstrap4/tryit8213.html]
[www.w3schools.com/bootstrap4/tryit021d.html]
[www.w3schools.com/bootstrap4/tryit4bee.html]
[www.w3schools.com/bootstrap4/tryitcbfc.html]
[www.w3schools.com/bootstrap4/trybs_table_responsive_ifr.html]
[www.w3schools.com/bootstrap4/tryitc80f.html]
[www.w3schools.com/bootstrap4/tryita301.html]
[www.w3schools.com/bootstrap4/tryit5fdf.html]
[www.w3schools.com/bootstrap4/tryit6a64.html]
[www.w3schools.com/bootstrap4/tryit8c2c.html]
[www.w3schools.com/bootstrap4/tryit99a5.html]
[www.w3schools.com/bootstrap4/tryitbc9a.html]
[www.w3schools.com/bootstrap4/tryit1f51.html]
[www.w3schools.com/bootstrap4/tryit737f.html]
[www.w3schools.com/bootstrap4/tryitc72c.html]
[www.w3schools.com/bootstrap4/tryitb1db.html]
[www.w3schools.com/bootstrap4/tryiteb88.html]
[www.w3schools.com/bootstrap4/tryit8f86.html]
[www.w3schools.com/bootstrap4/tryitee3f.html]
[www.w3schools.com/bootstrap4/tryit15f5.html]
[www.w3schools.com/bootstrap4/tryit68f7.html]
[www.w3schools.com/bootstrap4/tryit2f49.html]
[www.w3schools.com/bootstrap4/tryit55bb.html]
[www.w3schools.com/bootstrap4/tryit2439.html]
[www.w3schools.com/bootstrap4/tryit0b62.html]
[www.w3schools.com/bootstrap4/tryitd00f.asp]
[www.w3schools.com/bootstrap4/tryit181c.asp]
[www.w3schools.com/bootstrap4/tryit1f37.asp]
[www.w3schools.com/bootstrap4/tryit229b.asp]
[www.w3schools.com/bootstrap4/tryit5751.asp]
[www.w3schools.com/bootstrap4/tryit55b5.asp]
[www.w3schools.com/bootstrap4/tryitd7c4.asp]
[www.w3schools.com/bootstrap4/tryit5eee.asp]
[www.w3schools.com/bootstrap4/tryit359f.asp]
[www.w3schools.com/bootstrap4/tryitabeb.asp]
[www.w3schools.com/bootstrap4/tryit6fe4.asp]
[www.w3schools.com/bootstrap4/tryitf1b0.asp]
[www.w3schools.com/bootstrap4/tryitd794.asp]
[www.w3schools.com/bootstrap4/tryit46da.asp]
[www.w3schools.com/bootstrap4/tryitb220.asp]
[www.w3schools.com/bootstrap4/tryitef9a.asp]
[www.w3schools.com/bootstrap4/tryit3da0.asp]
[www.w3schools.com/bootstrap4/tryit61d0.asp]
[www.w3schools.com/bootstrap4/tryitd12a.asp]
[www.w3schools.com/bootstrap4/tryit8d2c.asp]
[www.w3schools.com/bootstrap4/tryita01d.asp]
[www.w3schools.com/bootstrap4/tryit7478.asp]
[www.w3schools.com/bootstrap4/tryit6bfb.asp]
[www.w3schools.com/bootstrap4/tryit27cd.asp]
[www.w3schools.com/bootstrap4/tryit80da.asp]
[www.w3schools.com/bootstrap4/tryitd069.asp]
[www.w3schools.com/bootstrap4/tryitb2d2.asp]
[www.w3schools.com/bootstrap4/tryite577.asp]
[www.w3schools.com/bootstrap4/tryitb305.asp]
[www.w3schools.com/bootstrap4/tryit4ce5.asp]
[www.w3schools.com/bootstrap4/tryit9ca7.asp]
[www.w3schools.com/bootstrap4/tryit45d9.asp]
[www.w3schools.com/bootstrap4/img_avatar3.png]
[www.w3schools.com/bootstrap4/tryit9e3e.asp]
[www.w3schools.com/bootstrap4/tryit6995.asp]
[www.w3schools.com/bootstrap4/tryit5f81.asp]
[www.w3schools.com/bootstrap4/tryit7c15.asp]
[www.w3schools.com/bootstrap4/img_avatar1.png]
[www.w3schools.com/bootstrap4/img_avatar5.png]
[www.w3schools.com/bootstrap4/tryitce9e.asp]
[www.w3schools.com/bootstrap4/tryit4600.asp]
[www.w3schools.com/bootstrap4/tryitce9f.asp]
[www.w3schools.com/bootstrap4/tryit5da9.asp]
[www.w3schools.com/bootstrap4/tryit2afa.asp]
[www.w3schools.com/bootstrap4/tryit3c39.asp]
[www.w3schools.com/bootstrap4/tryit54ff.asp]
[www.w3schools.com/bootstrap4/tryit9d5c.asp]
[www.w3schools.com/bootstrap4/tryit1e14.asp]
[www.w3schools.com/bootstrap4/tryit224a.asp]
[www.w3schools.com/bootstrap4/tryitc38d.asp]
[www.w3schools.com/bootstrap4/tryitc326.asp]
[www.w3schools.com/bootstrap4/tryita8c3.asp]
[www.w3schools.com/bootstrap4/tryitd3e8.asp]
[www.w3schools.com/bootstrap4/tryit526d.asp]
[www.w3schools.com/bootstrap4/tryitcf8c.asp]
[www.w3schools.com/bootstrap4/tryit083a.asp]
[www.w3schools.com/bootstrap4/tryita784.asp]
[www.w3schools.com/bootstrap4/tryit13ec.asp]
[www.w3schools.com/bootstrap4/tryitbed2.asp]
[www.w3schools.com/bootstrap4/tryitc4e6.asp]
[www.w3schools.com/bootstrap4/tryit9ad0.asp]
[www.w3schools.com/bootstrap4/tryitaaca.asp]
[www.w3schools.com/bootstrap4/tryit33d5.asp]
[www.w3schools.com/bootstrap4/tryitd52d.asp]
[www.w3schools.com/bootstrap4/tryit3bb8.asp]
[www.w3schools.com/bootstrap4/tryitf8f8.asp]
[www.w3schools.com/bootstrap4/tryitdc53.asp]
[www.w3schools.com/bootstrap4/tryit86d5.asp]
[www.w3schools.com/bootstrap4/tryitfe3b.asp]
[www.w3schools.com/bootstrap4/tryite46b.asp]
[www.w3schools.com/bootstrap4/tryit023e.asp]
[www.w3schools.com/bootstrap4/tryit2582.asp]
[www.w3schools.com/bootstrap4/tryita7e3.asp]
[www.w3schools.com/bootstrap4/bird.jpg]
[www.w3schools.com/bootstrap4/tryit7967.asp]
[www.w3schools.com/bootstrap4/tryit208f.asp]
[www.w3schools.com/bootstrap4/tryit7356.asp]
[www.w3schools.com/bootstrap4/tryitdb4d.asp]
[www.w3schools.com/bootstrap4/tryit7325.asp]
[www.w3schools.com/bootstrap4/tryitba77.asp]
[www.w3schools.com/bootstrap4/trybs_navbar_fixed.htm]
[www.w3schools.com/bootstrap4/tryit1827.asp]
[www.w3schools.com/bootstrap4/trybs_navbar_fixed_bottom.htm]
[www.w3schools.com/bootstrap4/tryitdfa7.asp]
[www.w3schools.com/bootstrap4/trybs_navbar_fixed_sticky.htm]
[www.w3schools.com/bootstrap4/tryit5095.asp]
[www.w3schools.com/bootstrap4/tryit3d7a.asp]
[www.w3schools.com/bootstrap4/tryit9f3f.asp]
[www.w3schools.com/bootstrap4/tryit5715.asp]
[www.w3schools.com/bootstrap4/tryitd04d.asp]
[www.w3schools.com/bootstrap4/tryitfcc3.asp]
[www.w3schools.com/bootstrap4/tryit7026.asp]
[www.w3schools.com/bootstrap4/tryita26b.asp]
[www.w3schools.com/bootstrap4/tryit1460.asp]
[www.w3schools.com/bootstrap4/tryit6f92.asp]
[www.w3schools.com/bootstrap4/tryit29cb.asp]
[www.w3schools.com/bootstrap4/tryitb000.asp]
[www.w3schools.com/bootstrap4/tryitf306.asp]
[www.w3schools.com/bootstrap4/tryit6ce8.asp]
[www.w3schools.com/bootstrap4/tryit3923.asp]
[www.w3schools.com/bootstrap4/tryitb49d.asp]
[www.w3schools.com/bootstrap4/tryit9948.asp]
[www.w3schools.com/bootstrap4/tryit9e87.asp]
[www.w3schools.com/bootstrap4/tryit7af9.asp]
[www.w3schools.com/bootstrap4/tryit395e.asp]
[www.w3schools.com/bootstrap4/tryite2c6.asp]
[www.w3schools.com/bootstrap4/tryitb17a.asp]
[www.w3schools.com/bootstrap4/tryitc77e.asp]
[www.w3schools.com/bootstrap4/tryit5fa2.asp]
[www.w3schools.com/bootstrap4/tryit8799.asp]
[www.w3schools.com/bootstrap4/tryitca89.asp]
[www.w3schools.com/bootstrap4/tryit7f6d.asp]
[www.w3schools.com/bootstrap4/tryit2e06.asp]
[www.w3schools.com/bootstrap4/la.jpg]
[www.w3schools.com/bootstrap4/chicago.jpg]
[www.w3schools.com/bootstrap4/ny.jpg]
[www.w3schools.com/bootstrap4/tryitd733.asp]
[www.w3schools.com/bootstrap4/tryitfe14.asp]
[www.w3schools.com/bootstrap4/tryitd2b2.asp]
[www.w3schools.com/bootstrap4/tryit850a.asp]
[www.w3schools.com/bootstrap4/tryitb6e4.asp]
[www.w3schools.com/bootstrap4/tryit5abe.asp]
[www.w3schools.com/bootstrap4/tryit113f.asp]
[www.w3schools.com/bootstrap4/tryit495c.asp]
[www.w3schools.com/bootstrap4/tryitcdd0.asp]
[www.w3schools.com/bootstrap4/tryit0336.asp]
[www.w3schools.com/bootstrap4/tryit748d.asp]
[www.w3schools.com/bootstrap4/tryit69d2.asp]
[www.w3schools.com/bootstrap4/tryitb4cf.asp]
[www.w3schools.com/bootstrap4/trybs_scrollspy.htm]
[www.w3schools.com/bootstrap4/tryita7e1.asp]
[www.w3schools.com/bootstrap4/trybs_scrollspy2.htm]
[www.w3schools.com/bootstrap4/tryit25b3.asp]
[www.w3schools.com/bootstrap4/tryit6c20.asp]
[www.w3schools.com/bootstrap4/tryit7034.asp]
[www.w3schools.com/bootstrap4/tryitcd83.asp]
[www.w3schools.com/bootstrap4/tryita832.asp]
[www.w3schools.com/bootstrap4/tryit205c.asp]
[www.w3schools.com/bootstrap4/tryitf79c.asp]
[www.w3schools.com/bootstrap4/tryit99eb.asp]
[www.w3schools.com/bootstrap4/tryite827.asp]
[www.w3schools.com/bootstrap4/tryit936d.asp]
[www.w3schools.com/bootstrap4/tryita37b.asp]
[www.w3schools.com/bootstrap4/tryita493.asp]
[www.w3schools.com/bootstrap4/tryit24f6.asp]
[www.w3schools.com/bootstrap4/tryite45d.asp]
[www.w3schools.com/bootstrap4/tryitae2d.asp]
[www.w3schools.com/bootstrap4/tryit6959.asp]
[www.w3schools.com/bootstrap4/tryit96ac.asp]
[www.w3schools.com/bootstrap4/tryita574.asp]
[www.w3schools.com/bootstrap4/tryitbc6d.asp]
[www.w3schools.com/bootstrap4/tryit5229.asp]
[www.w3schools.com/bootstrap4/tryit67b7.asp]
[www.w3schools.com/bootstrap4/tryitfb1e.asp]
[www.w3schools.com/bootstrap4/tryit5406.asp]
[www.w3schools.com/bootstrap4/tryitf4f8.asp]
[www.w3schools.com/bootstrap4/tryitea55.asp]
[www.w3schools.com/bootstrap4/tryitd4ec.asp]
[www.w3schools.com/bootstrap4/tryit51ee.asp]
[www.w3schools.com/bootstrap4/tryit32da.asp]
[www.w3schools.com/bootstrap4/tryit4110.asp]
[www.w3schools.com/bootstrap4/tryit0ead.asp]
[www.w3schools.com/bootstrap4/tryit509b.asp]
[www.w3schools.com/bootstrap4/tryita8d5.asp]
[www.w3schools.com/bootstrap4/tryit3d3e.asp]
[www.w3schools.com/bootstrap4/tryit409b.asp]
[www.w3schools.com/bootstrap4/tryite8bd.asp]
[www.w3schools.com/bootstrap4/tryit69df.asp]
[www.w3schools.com/bootstrap4/tryit4e5d.asp]
[www.w3schools.com/bootstrap4/tryit5519.asp]
[www.w3schools.com/bootstrap4/tryitf409.asp]
[www.w3schools.com/bootstrap4/tryitc127.asp]
[www.w3schools.com/bootstrap4/tryitb879.asp]
[www.w3schools.com/bootstrap4/tryita6af.asp]
[www.w3schools.com/bootstrap4/tryit9fff.asp]
[www.w3schools.com/bootstrap4/tryiteaa4.asp]
[www.w3schools.com/bootstrap4/tryitceee.asp]
[www.w3schools.com/bootstrap4/tryitb8ec.asp]
[www.w3schools.com/bootstrap4/tryitc4cc.asp]
[www.w3schools.com/bootstrap4/tryitf2d0.asp]
[www.w3schools.com/bootstrap4/tryit60fd.asp]
[www.w3schools.com/bootstrap4/tryit82bf.asp]
[www.w3schools.com/bootstrap4/tryit07dc.asp]
[www.w3schools.com/bootstrap4/tryit2218.asp]
[www.w3schools.com/bootstrap4/tryitee1c.asp]
[www.w3schools.com/bootstrap4/tryit6ee4.asp]
[www.w3schools.com/bootstrap4/tryit516d.asp]
[www.w3schools.com/bootstrap4/tryitc000.asp]
[www.w3schools.com/bootstrap4/tryit4d43.asp]
[www.w3schools.com/bootstrap4/tryitf037.asp]
[www.w3schools.com/bootstrap4/tryitf016.asp]
[www.w3schools.com/bootstrap4/tryit535e.asp]
[www.w3schools.com/bootstrap4/tryita0e0.asp]
[www.w3schools.com/bootstrap4/tryitb13a.asp]
[www.w3schools.com/bootstrap4/tryit083e.asp]
[www.w3schools.com/bootstrap4/tryit6d0e.asp]
[www.w3schools.com/bootstrap4/tryit243b.asp]
[www.w3schools.com/bootstrap4/tryited15.asp]
[www.w3schools.com/bootstrap4/tryit0c12.asp]
[www.w3schools.com/bootstrap4/tryit97a1.asp]
[www.w3schools.com/bootstrap4/tryit7115.asp]
[www.w3schools.com/bootstrap4/tryit2477.asp]
[www.w3schools.com/bootstrap4/tryit8366.asp]
[www.w3schools.com/bootstrap4/tryitf850.asp]
[www.w3schools.com/bootstrap4/tryitbfa0.asp]
[www.w3schools.com/bootstrap4/img_avatar4.png]
[www.w3schools.com/bootstrap4/tryit77b0.asp]
[www.w3schools.com/bootstrap4/tryit77b8.asp]
[www.w3schools.com/bootstrap4/tryit2302.asp]
[www.w3schools.com/bootstrap4/tryitaa18.asp]
[www.w3schools.com/bootstrap4/tryit19a8.asp]
[www.w3schools.com/bootstrap4/tryita804.asp]
[www.w3schools.com/bootstrap4/tryitdafe.asp]
[www.w3schools.com/bootstrap4/tryitabd1.asp]
[www.w3schools.com/bootstrap4/tryit30b5.asp]
[www.w3schools.com/bootstrap4/tryitf4dc.asp]
[www.w3schools.com/bootstrap4/tryita8f5.asp]
[www.w3schools.com/bootstrap4/tryit9841.asp]
[www.w3schools.com/bootstrap4/tryit2e27.asp]
[www.w3schools.com/bootstrap4/tryitc622.asp]
[www.w3schools.com/bootstrap4/tryit9cca.asp]
[www.w3schools.com/bootstrap4/tryita4e9.asp]
[www.w3schools.com/bootstrap4/tryitbd5a.asp]
[www.w3schools.com/bootstrap4/tryitfbae.asp]
[www.w3schools.com/bootstrap4/tryit28f2.asp]
[www.w3schools.com/bootstrap4/tryitd08a.asp]
[www.w3schools.com/bootstrap4/tryit629d.asp]
[www.w3schools.com/bootstrap4/tryit3ba0.asp]
[www.w3schools.com/bootstrap4/tryitd3ea.asp]
[www.w3schools.com/bootstrap4/tryit1d23.asp]
[www.w3schools.com/bootstrap4/tryit1540.asp]
[www.w3schools.com/bootstrap4/tryit25f3.asp]
[www.w3schools.com/bootstrap4/tryitdc4d.asp]
[www.w3schools.com/bootstrap4/tryite2a9.asp]
[www.w3schools.com/bootstrap4/tryit66a7.asp]
[www.w3schools.com/bootstrap4/tryit95c2.asp]
[www.w3schools.com/bootstrap4/tryit2b7d.asp]
[www.w3schools.com/bootstrap4/tryit6afd.asp]
[www.w3schools.com/bootstrap4/tryit7c95.asp]
[www.w3schools.com/bootstrap4/tryitf541.asp]
[www.w3schools.com/bootstrap4/tryit92e2.asp]
[www.w3schools.com/bootstrap4/tryit4f37.asp]
[www.w3schools.com/bootstrap4/tryit963a.asp]
[maxcdn.bootstrapcdn.com/bootstrap/4.1.0/css/bootstrap.min.css]
[maxcdn.bootstrapcdn.com/bootstrap/4.1.0/js/bootstrap.min.js]
[cdnjs.cloudflare.com/ajax/libs/font-awesome/4.7.0/css/font-awesome.min.css]
[www.w3schools.com/bootstrap4/tryit5d59.asp]
[www.w3schools.com/bootstrap4/tryit8678.asp]
[www.w3schools.com/bootstrap4/tryit4786.asp]
[www.w3schools.com/bootstrap4/tryitf675.asp]
[www.w3schools.com/bootstrap4/tryitcff1.asp]
[www.w3schools.com/bootstrap4/tryitac8f.asp]
[www.w3schools.com/bootstrap4/tryitf13f.asp]
[www.w3schools.com/bootstrap4/tryitcaa5.asp]
[www.w3schools.com/bootstrap4/tryitdcb8.asp]
[www.w3schools.com/bootstrap4/tryitcf03.asp]
[www.w3schools.com/bootstrap4/tryit4596.asp]
[www.w3schools.com/bootstrap4/tryit5798.asp]
[www.w3schools.com/bootstrap4/tryit4a3e.asp]
[www.w3schools.com/bootstrap4/tryitc2a3.asp]
[www.w3schools.com/bootstrap4/tryit36ec.asp]
[www.w3schools.com/bootstrap4/tryitd3a2.asp]
[www.w3schools.com/bootstrap4/tryit4bde.asp]
[www.w3schools.com/bootstrap4/tryitdc01.asp]
[www.w3schools.com/bootstrap4/tryit6e22.asp]
[www.w3schools.com/bootstrap4/tryitb3bd.asp]
[www.w3schools.com/bootstrap4/bootstrap_utilites.asp]
[www.w3schools.com/bootstrap4/tryit53e7.asp]
[www.w3schools.com/bootstrap4/tryit3b37.asp]
[www.w3schools.com/bootstrap4/tryitbd1b.asp]
[www.w3schools.com/bootstrap4/tryit984c.asp]
[www.w3schools.com/bootstrap4/tryita59e.asp]
[www.w3schools.com/bootstrap4/tryita92d.asp]
[www.w3schools.com/bootstrap4/tryit1ddc.asp]
[www.w3schools.com/bootstrap4/tryit696c.asp]
[www.w3schools.com/bootstrap4/tryit8525.asp]
[www.w3schools.com/bootstrap4/bootstrap_forms_sizing.asp]
[www.w3schools.com/bootstrap4/tryit610a.asp]
[www.w3schools.com/bootstrap4/tryitf651.asp]
[www.w3schools.com/bootstrap4/tryitdd34.asp]
[www.w3schools.com/bootstrap4/tryit40e2.asp]
[www.w3schools.com/bootstrap4/tryit9840.asp]
[www.w3schools.com/bootstrap4/tryit12f4.asp]
[www.w3schools.com/bootstrap4/tryit372d.asp]
[www.w3schools.com/bootstrap4/tryit7ad9.asp]
[www.w3schools.com/bootstrap4/bootstrap_ref_css_helpers.asp]
[www.w3schools.com/bootstrap4/tryit578c.asp]
[www.w3schools.com/bootstrap4/tryit744d.asp]
[www.w3schools.com/bootstrap4/tryita59b.asp]
[www.w3schools.com/bootstrap4/tryit589b.asp]
[www.w3schools.com/bootstrap4/tryitaae2.asp]
[www.w3schools.com/bootstrap4/tryitd671.asp]
[www.w3schools.com/bootstrap4/tryit88f6.asp]
[www.w3schools.com/bootstrap4/tryit322a.asp]
[www.w3schools.com/bootstrap4/tryit7673.asp]
[www.w3schools.com/bootstrap4/tryit5042.asp]
[www.w3schools.com/bootstrap4/tryitd383.asp]
[www.w3schools.com/bootstrap4/tryit763a.asp]
[www.w3schools.com/bootstrap4/tryitf6fe.asp]
[www.w3schools.com/bootstrap4/tryit3e34.asp]
[www.w3schools.com/bootstrap4/tryitacfe.asp]
[www.w3schools.com/bootstrap4/tryit5f6c.asp]
[www.w3schools.com/bootstrap4/tryit6a3e.asp]
[www.w3schools.com/bootstrap4/tryit588f.asp]
[www.w3schools.com/bootstrap4/tryit3ec9.asp]
[www.w3schools.com/bootstrap4/tryitdb23.asp]
[www.w3schools.com/bootstrap4/tryit55e2.asp]
[www.w3schools.com/bootstrap4/tryit858a.asp]
[www.w3schools.com/bootstrap4/tryitb547.asp]
[www.w3schools.com/bootstrap4/tryitb5e5.asp]
[www.w3schools.com/bootstrap4/tryitfa5c.asp]
[www.w3schools.com/bootstrap4/tryit40d6.asp]
[www.w3schools.com/bootstrap4/tryitdbff.asp]
[www.w3schools.com/bootstrap4/tryitb120.asp]
[www.w3schools.com/bootstrap4/tryit732a.asp]
[www.w3schools.com/bootstrap4/tryit11d1.asp]
[www.w3schools.com/bootstrap4/tryitab31.asp]
[www.w3schools.com/bootstrap4/tryit0f41.asp]
[www.w3schools.com/bootstrap4/tryit8715.asp]
[www.w3schools.com/bootstrap4/tryit6b3a.asp]
[www.w3schools.com/bootstrap4/tryit45c8.asp]
[www.w3schools.com/bootstrap4/tryitb024.asp]
[www.w3schools.com/bootstrap4/tryit5ecf.asp]
[www.w3schools.com/bootstrap4/tryit20e2.asp]
[www.w3schools.com/bootstrap4/tryit5136.asp]
[www.w3schools.com/bootstrap4/tryit1e21.asp]
[www.w3schools.com/bootstrap4/tryit340d.asp]
[www.w3schools.com/bootstrap4/tryit9a54.asp]
[www.w3schools.com/bootstrap4/tryitfb9e.asp]
[www.w3schools.com/bootstrap4/tryit8524.asp]
[www.w3schools.com/bootstrap4/tryit8205.asp]
[www.w3schools.com/bootstrap4/tryit667c.asp]
[www.w3schools.com/bootstrap4/tryit2a1d.asp]
[www.w3schools.com/bootstrap4/tryitc5f2.asp]
[www.w3schools.com/bootstrap4/tryit4dfb.asp]
[www.w3schools.com/bootstrap4/tryitcbc4.asp]
[www.w3schools.com/bootstrap4/tryit8d83.asp]
[www.w3schools.com/bootstrap4/tryitdebd.asp]
[www.w3schools.com/bootstrap4/tryitf947.asp]
[www.w3schools.com/bootstrap4/tryit32d2.asp]
[www.w3schools.com/bootstrap4/tryit9c98.asp]
[www.w3schools.com/bootstrap4/tryit2d30.asp]
[www.w3schools.com/bootstrap4/tryit4b02.asp]
[www.w3schools.com/bootstrap4/tryitfbcd.asp]
[www.w3schools.com/bootstrap4/tryit3547.asp]
[www.w3schools.com/bootstrap4/tryitc60a.asp]
[www.w3schools.com/bootstrap4/tryit82c5.asp]
[www.w3schools.com/bootstrap4/tryitac10.asp]
[www.w3schools.com/bootstrap4/tryita6d7.asp]
[www.w3schools.com/bootstrap4/tryit093d.asp]
[www.w3schools.com/bootstrap4/tryit5d78.asp]
[www.w3schools.com/bootstrap4/tryit23d0.asp]
[www.w3schools.com/bootstrap4/tryit00e0.asp]
[www.w3schools.com/bootstrap4/tryit6475.asp]
[www.w3schools.com/bootstrap4/tryitee71.asp]
[www.w3schools.com/bootstrap4/tryit4e49.asp]
[www.w3schools.com/bootstrap4/tryit6e06.asp]
[www.w3schools.com/bootstrap4/tryit0473.asp]
[www.w3schools.com/bootstrap4/tryit5213.asp]
[www.w3schools.com/bootstrap4/tryitcd0b.asp]
[www.w3schools.com/bootstrap4/tryit5643.asp]
[www.w3schools.com/bootstrap4/tryit1bd8.asp]
[www.w3schools.com/bootstrap4/tryit8d55.asp]
[www.w3schools.com/bootstrap4/tryitc5ff.asp]
[www.w3schools.com/bootstrap4/tryit8cf6.asp]
[www.w3schools.com/bootstrap4/tryit1f1f.asp]
[www.w3schools.com/bootstrap4/tryit450b.asp]
[www.w3schools.com/bootstrap4/tryit05c4.asp]
[www.w3schools.com/bootstrap4/tryit8b72.asp]
[www.w3schools.com/bootstrap4/tryitca51.asp]
[www.w3schools.com/bootstrap4/tryit20f8.asp]
[www.w3schools.com/bootstrap4/tryitcebe.asp]
[www.w3schools.com/bootstrap4/tryit8a3a.asp]
[www.w3schools.com/bootstrap4/tryita7da.asp]
[www.w3schools.com/bootstrap4/tryit610b.asp]
[www.w3schools.com/bootstrap4/tryit3261.asp]
[www.w3schools.com/bootstrap4/tryit1bbb.asp]
[www.w3schools.com/bootstrap4/tryitee61.asp]
[www.w3schools.com/bootstrap4/tryit578a.asp]
[www.w3schools.com/bootstrap4/tryit72ff.asp]
[www.w3schools.com/bootstrap4/tryitac4e.asp]
[www.w3schools.com/bootstrap4/tryit67bd.asp]
[www.w3schools.com/bootstrap4/tryitf434.asp]
[www.w3schools.com/bootstrap4/tryit2f3b.asp]
[www.w3schools.com/bootstrap4/tryit325f.asp]
[www.w3schools.com/bootstrap4/tryitdc16.asp]
[www.w3schools.com/bootstrap4/tryit3177.asp]
[www.w3schools.com/bootstrap4/tryita81e.asp]
[www.w3schools.com/bootstrap4/tryitece1.asp]
[www.w3schools.com/images/w3schools_logo.png]
[www.w3schools.com/lib/codemirror.css]
[www.w3schools.com/lib/codemirror.js]
[www.w3schools.com/bootstrap4/POST]
[www.w3schools.com/images/driveicon.png]
[www.w3schools.com/images/driveicon_32.png]
[www.w3schools.com/bootstrap4/GET]
[apis.google.com/js/clientba50.js]
[www.w3schools.com/bootstrap4/cinqueterre.jpg]
[www.w3schools.com/bootstrap4/img_chania.jpg]
